Image name: Kamehouse.png and N: 15
num: 1 & corr: 0.0580107
num: 2 & corr: 0.00187092
num: 3 & corr: 0.0726297
num: 4 & corr: 0.0377308
num: 5 & corr: 0.0403958
num: 6 & corr: 0.0328376
num: 7 & corr: 0.0325559
num: 8 & corr: 0.073777
num: 9 & corr: 0.0888277
num: 10 & corr: 0.0844751
num: 11 & corr: 0.0677556
num: 12 & corr: 0.0710553
num: 13 & corr: 0.00581609
num: 14 & corr: 0.0265193
num: 15 & corr: 0.369066
 
Found corr greater than 0.20
 
num: 16 & corr: 0.0956775
num: 17 & corr: 0.0469915
num: 18 & corr: 0.0502135
num: 19 & corr: 0.0873166
num: 20 & corr: 0.0981685
num: 21 & corr: 0.00151029
num: 22 & corr: 0.0616703
num: 23 & corr: 0.0692948
num: 24 & corr: 0.0456514
num: 25 & corr: 0.015077
num: 26 & corr: 0.0422134
num: 27 & corr: 1.53893e-05
num: 28 & corr: 0.0910024
num: 29 & corr: 0.0682357
num: 30 & corr: 0.0489819
num: 31 & corr: 0.0824807
num: 32 & corr: 0.0400807
num: 33 & corr: 0.0162205
num: 34 & corr: 0.0493046
num: 35 & corr: 0.00793323
num: 36 & corr: 0.0172675
num: 37 & corr: 0.0313951
num: 38 & corr: 0.0127927
num: 39 & corr: 0.0665262
num: 40 & corr: 0.0105788
num: 41 & corr: 0.000955993
num: 42 & corr: 0.0245859
num: 43 & corr: 0.0275791
num: 44 & corr: 0.043226
num: 45 & corr: 0.0147017
num: 46 & corr: 0.0154984
num: 47 & corr: 0.0753892
num: 48 & corr: 0.0136921
num: 49 & corr: 0.0195768
num: 50 & corr: 0.0131518
num: 51 & corr: 0.00916519
num: 52 & corr: 0.0603954
num: 53 & corr: 0.0400956
num: 54 & corr: 0.101085
num: 55 & corr: 0.0488188
num: 56 & corr: 0.0482961
num: 57 & corr: 0.0273145
num: 58 & corr: 0.0783051
num: 59 & corr: 0.0831056
num: 60 & corr: 0.00607511
num: 61 & corr: 0.00973736
num: 62 & corr: 0.00582261
num: 63 & corr: 0.0220479
num: 64 & corr: 0.00919568
num: 65 & corr: 0.00157178
num: 66 & corr: 0.0608313
num: 67 & corr: 0.0483492
num: 68 & corr: 0.0899396
num: 69 & corr: 0.02627
num: 70 & corr: 0.033876
num: 71 & corr: 0.0715744
num: 72 & corr: 0.0269978
num: 73 & corr: 0.0322861
num: 74 & corr: 0.0389605
num: 75 & corr: 0.11583
num: 76 & corr: 0.00153099
num: 77 & corr: 0.00967306
num: 78 & corr: 0.00150064
num: 79 & corr: 0.0598074
num: 80 & corr: 0.00939512
num: 81 & corr: 0.0108082
num: 82 & corr: 0.0751297
num: 83 & corr: 0.0415336
num: 84 & corr: 0.058966
num: 85 & corr: 0.0592901
num: 86 & corr: 0.0349471
num: 87 & corr: 0.0965092
num: 88 & corr: 0.0651355
num: 89 & corr: 0.106117
num: 90 & corr: 0.0191936
num: 91 & corr: 0.00578784
num: 92 & corr: 0.0395931
num: 93 & corr: 0.023102
num: 94 & corr: 0.021443
num: 95 & corr: 0.0270607
num: 96 & corr: 0.0514555
num: 97 & corr: 0.0399652
num: 98 & corr: 0.0279291
num: 99 & corr: 0.0589674
num: 100 & corr: 0.0438004
Image name: Clean.png and N:20
num: 1 & corr: 0.0326652
num: 2 & corr: 0.0266984
num: 3 & corr: 0.020578
num: 4 & corr: 0.0222788
num: 5 & corr: 0.0464059
num: 6 & corr: 0.03272
num: 7 & corr: 0.043587
num: 8 & corr: 0.0232366
num: 9 & corr: 0.0514533
num: 10 & corr: 0.0572929
num: 11 & corr: 0.0499961
num: 12 & corr: 0.0095074
num: 13 & corr: 0.0524061
num: 14 & corr: 0.106183
num: 15 & corr: 0.0118982
num: 16 & corr: 0.0573469
num: 17 & corr: 0.048247
num: 18 & corr: 0.0775054
num: 19 & corr: 0.0215734
num: 20 & corr: 0.515513
 
Found corr greater than 0.20
 
num: 21 & corr: 0.0359139
num: 22 & corr: 0.0250066
num: 23 & corr: 0.0625102
num: 24 & corr: 0.00176929
num: 25 & corr: 0.0798154
num: 26 & corr: 0.0633049
num: 27 & corr: 0.0452239
num: 28 & corr: 0.0383719
num: 29 & corr: 0.010936
num: 30 & corr: 0.0335541
num: 31 & corr: 0.0293644
num: 32 & corr: 0.065409
num: 33 & corr: 0.0959046
num: 34 & corr: 0.0976352
num: 35 & corr: 0.0842879
num: 36 & corr: 0.0527786
num: 37 & corr: 0.0179678
num: 38 & corr: 0.0562668
num: 39 & corr: 0.0793314
num: 40 & corr: 0.0459193
num: 41 & corr: 0.0284963
num: 42 & corr: 0.00599381
num: 43 & corr: 0.128113
num: 44 & corr: 0.0158936
num: 45 & corr: 0.104267
num: 46 & corr: 0.0148844
num: 47 & corr: 0.00404339
num: 48 & corr: 0.0525017
num: 49 & corr: 0.00616551
num: 50 & corr: 0.0158139
num: 51 & corr: 0.0615073
num: 52 & corr: 0.0674677
num: 53 & corr: 0.0229356
num: 54 & corr: 0.0282184
num: 55 & corr: 0.0256914
num: 56 & corr: 0.0185773
num: 57 & corr: 0.0708023
num: 58 & corr: 0.00864305
num: 59 & corr: 0.0371182
num: 60 & corr: 0.0763833
num: 61 & corr: 0.0215597
num: 62 & corr: 0.0994779
num: 63 & corr: 0.0311522
num: 64 & corr: 0.00706904
num: 65 & corr: 0.0286926
num: 66 & corr: 0.0253371
num: 67 & corr: 0.0200549
num: 68 & corr: 0.0076369
num: 69 & corr: 0.0660584
num: 70 & corr: 0.0677529
num: 71 & corr: 0.0172398
num: 72 & corr: 0.0360795
num: 73 & corr: 0.10521
num: 74 & corr: 0.0375815
num: 75 & corr: 0.0674741
num: 76 & corr: 0.0459939
num: 77 & corr: 0.0389281
num: 78 & corr: 0.00515105
num: 79 & corr: 0.0440354
num: 80 & corr: 0.0189255
num: 81 & corr: 0.0437334
num: 82 & corr: 0.00557815
num: 83 & corr: 0.0315743
num: 84 & corr: 0.0327247
num: 85 & corr: 0.0266716
num: 86 & corr: 0.0189611
num: 87 & corr: 0.0384851
num: 88 & corr: 0.050276
num: 89 & corr: 0.00490499
num: 90 & corr: 0.0366108
num: 91 & corr: 0.02043
num: 92 & corr: 0.0178238
num: 93 & corr: 0.0194327
num: 94 & corr: 0.0544325
num: 95 & corr: 0.0167535
num: 96 & corr: 0.0086021
num: 97 & corr: 0.0508103
num: 98 & corr: 0.0461118
num: 99 & corr: 0.0377247
num: 100 & corr: 0.0407722
Image name: nature.png and N:37
num: 1 & corr: 0.00239485
num: 2 & corr: 0.0701353
num: 3 & corr: 0.0380121
num: 4 & corr: 0.0456615
num: 5 & corr: 0.00242878
num: 6 & corr: 0.0766093
num: 7 & corr: 0.0297921
num: 8 & corr: 0.0425926
num: 9 & corr: 0.128954
num: 10 & corr: 0.0567997
num: 11 & corr: 0.0339522
num: 12 & corr: 0.0388542
num: 13 & corr: 0.0302673
num: 14 & corr: 0.0247297
num: 15 & corr: 0.0268054
num: 16 & corr: 0.0651808
num: 17 & corr: 0.0551201
num: 18 & corr: 0.0667085
num: 19 & corr: 0.0218293
num: 20 & corr: 0.0264446
num: 21 & corr: 0.0170821
num: 22 & corr: 0.0736181
num: 23 & corr: 0.0339067
num: 24 & corr: 0.0200252
num: 25 & corr: 0.129349
num: 26 & corr: 0.0547401
num: 27 & corr: 0.0205121
num: 28 & corr: 0.0381251
num: 29 & corr: 0.0253812
num: 30 & corr: 0.0553132
num: 31 & corr: 0.00247879
num: 32 & corr: 0.0337647
num: 33 & corr: 0.00338832
num: 34 & corr: 0.0392694
num: 35 & corr: 0.0426289
num: 36 & corr: 0.0472158
num: 37 & corr: 0.477078
 
Found corr greater than 0.20
 
num: 38 & corr: 0.100036
num: 39 & corr: 0.034052
num: 40 & corr: 0.0899174
num: 41 & corr: 0.0359332
num: 42 & corr: 0.0033984
num: 43 & corr: 0.100866
num: 44 & corr: 0.0713789
num: 45 & corr: 0.0489473
num: 46 & corr: 0.0180853
num: 47 & corr: 0.0255601
num: 48 & corr: 0.0202721
num: 49 & corr: 0.054987
num: 50 & corr: 0.02437
num: 51 & corr: 0.0646594
num: 52 & corr: 0.0442987
num: 53 & corr: 0.0584556
num: 54 & corr: 0.0663332
num: 55 & corr: 0.0562736
num: 56 & corr: 0.0261521
num: 57 & corr: 0.0583977
num: 58 & corr: 0.017981
num: 59 & corr: 0.0452401
num: 60 & corr: 0.0221434
num: 61 & corr: 0.103928
num: 62 & corr: 0.0362283
num: 63 & corr: 0.0120577
num: 64 & corr: 0.111609
num: 65 & corr: 0.0123667
num: 66 & corr: 0.0759545
num: 67 & corr: 0.0496831
num: 68 & corr: 0.00634582
num: 69 & corr: 0.00810971
num: 70 & corr: 0.0624063
num: 71 & corr: 0.0301455
num: 72 & corr: 0.0216568
num: 73 & corr: 0.10901
num: 74 & corr: 0.0195993
num: 75 & corr: 0.0485912
num: 76 & corr: 0.0075468
num: 77 & corr: 0.00701773
num: 78 & corr: 0.0840522
num: 79 & corr: 0.0392282
num: 80 & corr: 0.0870267
num: 81 & corr: 0.0326109
num: 82 & corr: 0.00734105
num: 83 & corr: 0.144176
num: 84 & corr: 0.0308335
num: 85 & corr: 0.0484161
num: 86 & corr: 0.0282981
num: 87 & corr: 0.0397111
num: 88 & corr: 0.0380381
num: 89 & corr: 0.0360779
num: 90 & corr: 0.0389861
num: 91 & corr: 0.0153013
num: 92 & corr: 0.0855352
num: 93 & corr: 0.0655872
num: 94 & corr: 0.0677124
num: 95 & corr: 0.0162176
num: 96 & corr: 0.0242104
num: 97 & corr: 0.0572849
num: 98 & corr: 0.117917
num: 99 & corr: 0.100285
num: 100 & corr: 0.00798722
Image name: mountain.png and N:60
num: 1 & corr: 0.0150687
num: 2 & corr: 0.0181432
num: 3 & corr: 0.0528567
num: 4 & corr: 0.013877
num: 5 & corr: 0.0320676
num: 6 & corr: 0.114073
num: 7 & corr: 0.0606909
num: 8 & corr: 0.0215629
num: 9 & corr: 0.000996126
num: 10 & corr: 0.00515548
num: 11 & corr: 0.00615764
num: 12 & corr: 0.0119472
num: 13 & corr: 0.0716996
num: 14 & corr: 0.144962
num: 15 & corr: 0.0336364
num: 16 & corr: 0.0349182
num: 17 & corr: 0.00993273
num: 18 & corr: 0.0262015
num: 19 & corr: 0.00740977
num: 20 & corr: 0.0896414
num: 21 & corr: 0.0530701
num: 22 & corr: 0.00758426
num: 23 & corr: 0.065925
num: 24 & corr: 0.000910591
num: 25 & corr: 0.00387913
num: 26 & corr: 0.0294937
num: 27 & corr: 0.0524697
num: 28 & corr: 0.0260966
num: 29 & corr: 0.00305667
num: 30 & corr: 0.0172331
num: 31 & corr: 0.00287327
num: 32 & corr: 0.0683575
num: 33 & corr: 0.00822804
num: 34 & corr: 0.0343322
num: 35 & corr: 0.017763
num: 36 & corr: 0.10944
num: 37 & corr: 0.021006
num: 38 & corr: 0.0369802
num: 39 & corr: 0.0323042
num: 40 & corr: 0.030626
num: 41 & corr: 0.0203491
num: 42 & corr: 0.0115293
num: 43 & corr: 0.000919947
num: 44 & corr: 0.0300027
num: 45 & corr: 0.0340639
num: 46 & corr: 0.0311153
num: 47 & corr: 0.0404917
num: 48 & corr: 0.00993445
num: 49 & corr: 0.0198395
num: 50 & corr: 0.043892
num: 51 & corr: 0.0481572
num: 52 & corr: 0.00675292
num: 53 & corr: 0.0293227
num: 54 & corr: 0.00612028
num: 55 & corr: 0.0952996
num: 56 & corr: 0.0144707
num: 57 & corr: 0.0405327
num: 58 & corr: 0.163393
num: 59 & corr: 0.0444445
num: 60 & corr: 0.535025
 
Found corr greater than 0.20
 
num: 61 & corr: 0.0452415
num: 62 & corr: 0.0911055
num: 63 & corr: 0.0568444
num: 64 & corr: 0.0620469
num: 65 & corr: 0.0312123
num: 66 & corr: 0.0342796
num: 67 & corr: 0.0233119
num: 68 & corr: 0.0109208
num: 69 & corr: 0.0540432
num: 70 & corr: 0.0144652
num: 71 & corr: 0.044406
num: 72 & corr: 0.0312143
num: 73 & corr: 0.0486558
num: 74 & corr: 0.0658763
num: 75 & corr: 0.0316588
num: 76 & corr: 0.0388083
num: 77 & corr: 0.0604631
num: 78 & corr: 0.0738817
num: 79 & corr: 0.0818497
num: 80 & corr: 0.10537
num: 81 & corr: 0.117803
num: 82 & corr: 0.135952
num: 83 & corr: 0.0137816
num: 84 & corr: 0.00148381
num: 85 & corr: 0.0349093
num: 86 & corr: 0.0445958
num: 87 & corr: 0.0184229
num: 88 & corr: 0.0642101
num: 89 & corr: 0.0632375
num: 90 & corr: 0.0532367
num: 91 & corr: 0.0994878
num: 92 & corr: 0.0232306
num: 93 & corr: 0.0109688
num: 94 & corr: 0.0183085
num: 95 & corr: 0.0453367
num: 96 & corr: 0.0241021
num: 97 & corr: 0.00837376
num: 98 & corr: 0.0361785
num: 99 & corr: 0.00525234
num: 100 & corr: 0.0961085
